{
  "ok": true,
  "checks": [
    "reservation list uses personal/group only",
    "channel labels do not render or search",
    "Korean/English headers stay consistent",
    "late checkout filter and sort labels stay distinct",
    "new reservation has no manual status/group conversion controls",
    "edit detail keeps guest search idle until user searches",
    "occupied rooms render checkout action instead of check-in",
    "reservation board keeps cleaning status visible beside check-in readiness",
    "today check-in rooms are not blocked by stale room master status",
    "reservation board keeps card status colors stable across filters and hover",
    "representative/companion buttons only show for active guest candidates",
    "group block timeline modal allows guest entry without forcing conversion",
    "dashboard today check-in KPI matches reservation board after rooms become in-house"
  ],
  "dashboardCountResult": {
    "setup": {
      "today": "2026-07-10",
      "targetRooms": [
        "1210",
        "1223"
      ],
      "before": 3,
      "beforeDashboardCount": 3,
      "expectedAfter": 1
    },
    "dashboardState": {
      "opsText": "금일 체크인\n1",
      "opsCount": 1,
      "topText": "1 / 11\n오늘 체크인 / 체크아웃"
    },
    "boardState": {
      "url": "http://127.0.0.1:8765/dashboard/frontdesk/reservation-board.html?filter=checkin",
      "active": "오늘 체크인\n1",
      "tabCount": 1,
      "isCheckinActive": true,
      "cardCount": 1,
      "pageInfo": "",
      "pageTotal": 1,
      "rowCount": 0
    }
  },
  "boardCleaningVisibilityResult": {
    "cardText": "T-904\n미도착\nStandard\nBoard Clean Guest\n7/9 → 7/11\n입실 14:00\n퇴실 12:00\n체크인 가능\n₱100.00\n청소필요\n청소완료\n방해금지",
    "cleanValue": "clean",
    "cleanLabel": "청소완료",
    "cleanClass": "board-clean-select clean",
    "readinessText": "체크인 가능",
    "statusText": "미도착",
    "dirtyText": "T-905\n체크인 예정\nStandard\nBoard Dirty Arrival\n7/10 → 7/11\n입실 14:00\n퇴실 12:00\n₱100.00\n청소필요\n청소완료\n방해금지",
    "dirtyValue": "mur",
    "dirtyClass": "board-clean-select mur",
    "dirtyTone": "mur",
    "dirtyBackground": "rgb(255, 247, 237)"
  },
  "todayCheckinRoomMasterResult": {
    "captured": {
      "alerts": [],
      "confirms": [
        "Anh Nguyen 예약을 체크인 처리하시겠습니까?"
      ]
    },
    "actionText": "체크인 처리",
    "beforeRoom": {
      "id": "1210",
      "roomId": "FT-1210",
      "roomNo": "1210",
      "displayName": "Forest Tower 1210",
      "buildingId": "FT",
      "buildingName": "Forest Tower",
      "floor": 12,
      "roomTypeId": "DLX-CITY",
      "roomTypeName": "Deluxe",
      "status": "vacant-clean",
      "housekeepingStatus": "clean",
      "frontStatus": "vacant-clean",
      "guestFlag": "none",
      "baseRate": 140,
      "active": true,
      "fullRoom": "FT-1210",
      "number": "1210",
      "display": "1210",
      "type": "Deluxe",
      "typeId": "DLX-CITY",
      "building": "Forest Tower",
      "bldgCode": "FT",
      "currency": "PHP"
    },
    "beforeRoomBlocked": false,
    "staleRoom": {
      "id": "1210",
      "roomId": "FT-1210",
      "roomNo": "1210",
      "displayName": "Forest Tower 1210",
      "buildingId": "FT",
      "buildingName": "Forest Tower",
      "floor": 12,
      "roomTypeId": "DLX-CITY",
      "roomTypeName": "Deluxe",
      "status": "out-of-service",
      "housekeepingStatus": "maintenance",
      "frontStatus": "out-of-service",
      "guestFlag": "none",
      "baseRate": 140,
      "active": true,
      "fullRoom": "FT-1210",
      "number": "1210",
      "display": "1210",
      "type": "Deluxe",
      "typeId": "DLX-CITY",
      "building": "Forest Tower",
      "bldgCode": "FT",
      "currency": "PHP"
    },
    "staleRoomBlocked": true,
    "afterReservation": {
      "id": "RSV-DEMO-TODAY-1210-CHECKIN",
      "reservationId": "RSV-DEMO-TODAY-1210-CHECKIN",
      "tenantId": "TENANT-GRAND-SAIGON",
      "roomId": "FT-1210",
      "roomNo": "1210",
      "room": "1210",
      "fullRoom": "FT-1210",
      "roomLabel": "Forest Tower 1210",
      "roomTypeId": "DLX-CITY",
      "roomTypeName": "Deluxe",
      "type": "Deluxe",
      "guestId": "G-DEMO-ANH-NGUYEN",
      "guestName": "Anh Nguyen",
      "guest": "Anh Nguyen",
      "companionGuestNames": [
        "Minh Le"
      ],
      "companionGuestIds": [
        "G-DEMO-MINH-LE"
      ],
      "companions": [
        {
          "guestId": "G-DEMO-MINH-LE",
          "name": "Minh Le",
          "role": "companion",
          "docStatus": "pending",
          "nationality": "Vietnam"
        }
      ],
      "roomingGuestNames": [
        "Anh Nguyen",
        "Minh Le"
      ],
      "initials": "AN",
      "channel": "Direct",
      "status": "checkedin",
      "checkInDate": "2026-07-10",
      "checkOutDate": "2026-07-12",
      "cin": "7/10",
      "cout": "7/12",
      "start": 0,
      "len": 2,
      "nights": 2,
      "checkInTime": "14:00",
      "checkOutTime": "12:00",
      "stayTimes": {
        "checkInTime": "14:00",
        "checkOutTime": "12:00"
      },
      "rate": 140,
      "totalAmount": {
        "amount": 280,
        "currency": "PHP"
      },
      "amount": 280,
      "vip": "Gold",
      "tier": "Gold",
      "isVip": true,
      "isB2B": false,
      "isGroupPlaceholder": false,
      "color": "#3B82F6",
      "roomingGuestId": "RMG-RSV-DEMO-TODAY-1210-CHECKIN-P",
      "roomingGuestName": "Anh Nguyen",
      "roomingGuests": [
        {
          "id": "RMG-RSV-DEMO-TODAY-1210-CHECKIN-P",
          "guestId": "G-DEMO-ANH-NGUYEN",
          "name": "Anh Nguyen",
          "role": "primary",
          "docStatus": "pending",
          "nationality": "Vietnam",
          "phone": "+84 90 3300 1200"
        },
        {
          "id": "RMG-RSV-DEMO-TODAY-1210-CHECKIN-G-DEMO-MINH-LE",
          "guestId": "G-DEMO-MINH-LE",
          "name": "Minh Le",
          "role": "companion",
          "docStatus": "pending",
          "nationality": "Vietnam",
          "phone": "+84 90 3300 1201"
        }
      ],
      "cleaningStatus": "clean",
      "housekeepingStatus": "clean",
      "paymentStatus": "partial",
      "settlementStatus": "unsettled",
      "specialNotes": "VIP arrival today - welcome amenity ready",
      "memo": "VIP arrival today - welcome amenity ready",
      "groupId": "",
      "groupName": "",
      "agencyId": "",
      "agency": "",
      "companyName": "",
      "checkin": "2026-07-10",
      "checkout": "2026-07-12",
      "nightlyRate": {
        "amount": 140,
        "currency": "PHP"
      },
      "currency": "PHP",
      "guestFlag": "none",
      "occupiedCleaningDate": "2026-07-10",
      "cleaningStateDate": "2026-07-10"
    },
    "afterRoom": {
      "id": "1210",
      "roomId": "FT-1210",
      "roomNo": "1210",
      "displayName": "Forest Tower 1210",
      "buildingId": "FT",
      "buildingName": "Forest Tower",
      "floor": 12,
      "roomTypeId": "DLX-CITY",
      "roomTypeName": "Deluxe",
      "status": "occupied",
      "housekeepingStatus": "occupied",
      "frontStatus": "in-house",
      "guestFlag": "none",
      "baseRate": 140,
      "active": true,
      "fullRoom": "FT-1210",
      "number": "1210",
      "display": "1210",
      "type": "Deluxe",
      "typeId": "DLX-CITY",
      "building": "Forest Tower",
      "bldgCode": "FT",
      "currency": "PHP",
      "guest": "Anh Nguyen"
    }
  },
  "boardFilterColorResult": {
    "all": {
      "filter": "all",
      "found": true,
      "className": "room-box reservation-board-box vacant is-bookable",
      "text": "1203 예약 없음 Deluxe 예약 없음 청소필요 청소완료",
      "borderColor": "rgb(203, 213, 225)",
      "boxShadow": "rgb(203, 213, 225) 4px 0px 0px 0px inset, rgba(15, 23, 42, 0.04) 0px 2px 10px 0px",
      "statusClass": "board-status vacant",
      "statusText": "예약 없음"
    },
    "dirty": {
      "filter": "dirty",
      "found": true,
      "className": "room-box reservation-board-box vacant is-bookable",
      "text": "1203 예약 없음 Deluxe 예약 없음 청소필요 청소완료",
      "borderColor": "rgb(203, 213, 225)",
      "boxShadow": "rgb(203, 213, 225) 4px 0px 0px 0px inset, rgba(15, 23, 42, 0.04) 0px 2px 10px 0px",
      "statusClass": "board-status vacant",
      "statusText": "예약 없음"
    },
    "vacant": {
      "filter": "vacant",
      "found": true,
      "className": "room-box reservation-board-box vacant is-bookable",
      "text": "1203 예약 없음 Deluxe 예약 없음 청소필요 청소완료",
      "borderColor": "rgb(203, 213, 225)",
      "boxShadow": "rgb(203, 213, 225) 4px 0px 0px 0px inset, rgba(15, 23, 42, 0.04) 0px 2px 10px 0px",
      "statusClass": "board-status vacant",
      "statusText": "예약 없음"
    },
    "late": {
      "filter": "late",
      "found": false,
      "className": "",
      "text": "",
      "borderColor": "",
      "boxShadow": "",
      "statusClass": "",
      "statusText": ""
    },
    "inhouse": {
      "filter": "inhouse",
      "found": false,
      "className": "",
      "text": "",
      "borderColor": "",
      "boxShadow": "",
      "statusClass": "",
      "statusText": ""
    },
    "lateLegendVisible": false,
    "completedChipVisible": false,
    "chipCardCounts": [
      {
        "filter": "all",
        "chip": 37,
        "cardCount": 37
      },
      {
        "filter": "checkin",
        "chip": 2,
        "cardCount": 2
      },
      {
        "filter": "checkout",
        "chip": 8,
        "cardCount": 8
      },
      {
        "filter": "inhouse",
        "chip": 24,
        "cardCount": 24
      },
      {
        "filter": "group",
        "chip": 10,
        "cardCount": 10
      },
      {
        "filter": "late",
        "chip": 2,
        "cardCount": 2
      },
      {
        "filter": "dirty",
        "chip": 22,
        "cardCount": 22
      },
      {
        "filter": "vacant",
        "chip": 2,
        "cardCount": 2
      },
      {
        "filter": "roommove",
        "chip": 1,
        "cardCount": 1
      },
      {
        "filter": "cancelled",
        "chip": 2,
        "cardCount": 2
      }
    ],
    "hoverTarget": {
      "left": 663.328125,
      "top": 411,
      "borderColor": "rgb(203, 213, 225)",
      "boxShadow": "rgb(203, 213, 225) 4px 0px 0px 0px inset, rgba(15, 23, 42, 0.04) 0px 2px 10px 0px"
    },
    "hoverAfter": {
      "borderColor": "rgb(203, 213, 225)",
      "boxShadow": "rgb(203, 213, 225) 4px 0px 0px 0px inset, rgba(15, 23, 42, 0.04) 0px 2px 10px 0px",
      "transform": "none"
    }
  }
}
