{
  "suite": "critical-ui-workflows",
  "base": "http://127.0.0.1:8765",
  "total": 12,
  "passed": 12,
  "failed": 0,
  "results": [
    {
      "id": "AUTH-003",
      "title": "leave staff cannot log in",
      "status": "PASS",
      "durationMs": 3455,
      "details": {
        "status": "leave",
        "message": "Staff on leave cannot log in.",
        "blocked": true
      }
    },
    {
      "id": "AUTH-004",
      "title": "retired staff cannot log in",
      "status": "PASS",
      "durationMs": 2542,
      "details": {
        "status": "retired",
        "message": "Retired staff cannot log in.",
        "blocked": true
      }
    },
    {
      "id": "AUTH-005",
      "title": "Empty and malformed credentials are rejected before login",
      "status": "PASS",
      "durationMs": 1404,
      "details": {
        "empty": "blocked",
        "malformed": "blocked",
        "message": "Enter a valid email address."
      }
    },
    {
      "id": "STAFF-002",
      "title": "Staff edit opens once and uses English labels",
      "status": "PASS",
      "durationMs": 1539,
      "details": {
        "fields": 9,
        "title": "Edit Staff"
      }
    },
    {
      "id": "STAFF-004",
      "title": "Add Staff matches edit form and uses English labels",
      "status": "PASS",
      "durationMs": 408,
      "details": {
        "fields": 11,
        "title": "Add Staff"
      }
    },
    {
      "id": "EXP-003",
      "title": "Expense currency follows the PHP hotel currency policy",
      "status": "PASS",
      "durationMs": 339,
      "details": {
        "selected": "PHP",
        "currencyOptions": [
          "PHP",
          "USD",
          "KRW"
        ]
      }
    },
    {
      "id": "EXP-006",
      "title": "Existing expense values load and persist after edit",
      "status": "PASS",
      "durationMs": 580,
      "details": {
        "id": "EXP-DEMO-FUEL-VAN-001",
        "date": "2026-07-10",
        "item": "VIP Van Fuel",
        "buyer": "Nguyen Kim",
        "updatedItem": "VIP Van Fuel QA",
        "persisted": true
      }
    },
    {
      "id": "EXP-007",
      "title": "Expense deletion removes the record after confirmation",
      "status": "PASS",
      "durationMs": 941,
      "details": {
        "created": true,
        "confirmed": true,
        "removed": true
      }
    },
    {
      "id": "EXP-009",
      "title": "Expense custom date range retains both selected dates",
      "status": "PASS",
      "durationMs": 23,
      "details": {
        "start": "2026-07-01",
        "end": "2026-07-31",
        "mode": "custom"
      }
    },
    {
      "id": "RES-BOARD-002",
      "title": "Clean vacant room saves the reservation to the clicked room",
      "status": "PASS",
      "durationMs": 12149,
      "details": {
        "clicked": "PH01",
        "selected": "PH01",
        "saved": {
          "id": "RSV-20260710124000-429",
          "room": "PH01",
          "status": "confirmed"
        }
      }
    },
    {
      "id": "RES-BOARD-003",
      "title": "Dirty room cancel blocks save and continue saves the reservation",
      "status": "PASS",
      "durationMs": 14127,
      "details": {
        "room": "PH01",
        "selected": "PH01",
        "warning": "배정 객실 청소가 아직 완료되지 않았습니다. 체크인은 진행할 수 있지만 객실 준비 상태는 하우스키핑 확인 대상으로 남습니다. 청소가 완료되지 않은 객실입니다. 그래도 신규 예약을 등록할까요?",
        "before": 0,
        "afterCancel": 0,
        "afterContinue": 1
      }
    },
    {
      "id": "RES-BOARD-005",
      "title": "Room 1203 remains selected and saves as room 1203",
      "status": "PASS",
      "durationMs": 19341,
      "details": {
        "clicked": "1203",
        "selected": "1203",
        "saved": {
          "id": "RSV-20260710124027-487",
          "room": "1203",
          "guest": "Wong Li",
          "status": "confirmed"
        },
        "persisted": {
          "id": "RSV-20260710124027-487",
          "room": "1203",
          "status": "confirmed"
        }
      }
    }
  ]
}
