{
  "base": "http://127.0.0.1:8765",
  "runId": 1784518679257,
  "passed": 11,
  "failed": 0,
  "results": [
    {
      "name": "group rooming -> timeline",
      "ok": true,
      "ms": 5138,
      "details": {
        "guestName": "E2E Group Guest 1784518679257",
        "roomId": "0802",
        "status": "checked-in"
      },
      "dialogs": 0
    },
    {
      "name": "individual reservation -> timeline",
      "ok": true,
      "ms": 6271,
      "details": {
        "guestName": "E2E Individual 1784518679257",
        "roomId": "1205",
        "statusAfterTimelineCheckin": "checkedin",
        "checkinBlockClass": "tl-block checkedin",
        "statusAfterTimelineCheckout": "completed",
        "checkoutBlockClass": "tl-block completed"
      },
      "dialogs": 0
    },
    {
      "name": "check-in and check-out",
      "ok": true,
      "ms": 4821,
      "details": {
        "checkedIn": "E2E Ops Guest 1784518679257",
        "checkedOut": "E2E Ops Guest 1784518679257"
      },
      "dialogs": 0
    },
    {
      "name": "dashboard check-in KPI -> reservation list count",
      "ok": true,
      "ms": 9559,
      "details": {
        "setup": {
          "today": "2026-07-10",
          "targetRooms": [
            "1210",
            "1223"
          ],
          "before": 3,
          "beforeDashboardCount": 3,
          "expectedAfter": 1
        },
        "dashboard": {
          "text": "금일 체크인\n1",
          "count": 1,
          "topText": "1 / 11\n오늘 체크인 / 체크아웃"
        },
        "list": {
          "url": "http://127.0.0.1:8765/dashboard/frontdesk/reservation-board.html?filter=checkin",
          "active": "오늘 체크인\n1",
          "tabCount": 1,
          "pageTotal": 1,
          "cardCount": 1,
          "isCheckinActive": true
        }
      },
      "dialogs": 0
    },
    {
      "name": "night audit closed handover view",
      "ok": true,
      "ms": 3034,
      "details": {
        "setup": {
          "businessDate": "2026-07-10"
        },
        "state": {
          "bodyClosed": true,
          "closedVisible": true,
          "memo": "No special notes. Check 1206 deposit envelope.",
          "closeTabDisplay": "none",
          "cashActive": true,
          "actionDisabled": true,
          "logHref": "closing-log.html?date=2026-07-10",
          "session": {
            "id": "TEST-CLOSED-2026-07-10",
            "businessDate": "2026-07-10",
            "opening": {
              "PHP": 30000,
              "USD": 200,
              "KRW": 500000
            },
            "openedAt": "2026-07-10T08:00:00+09:00",
            "openedBy": "Nguyen Kim",
            "withdrawals": [
              {
                "id": "WD-TEST",
                "currency": "PHP",
                "amount": 10000,
                "currencyBreakdown": {
                  "PHP": 10000,
                  "USD": 150,
                  "KRW": 100000
                },
                "phpEquivalent": 10000,
                "receiver": "Manager",
                "note": "Envelope A-13",
                "createdAt": "2026-07-10T18:00:00+09:00",
                "operator": "Nguyen Kim"
              }
            ],
            "closing": {
              "PHP": 84200,
              "USD": 260,
              "KRW": 650000
            },
            "closingPhpEquivalent": 84200,
            "closingNote": "Count complete",
            "closedAt": "2026-07-10T23:45:00+09:00",
            "closedBy": "Nguyen Kim",
            "handoverMemo": "No special notes. Check 1206 deposit envelope.",
            "nightAuditClosed": true,
            "nightAuditClosedAt": "2026-07-10T23:50:00+09:00",
            "nightAuditClosedBy": "Nguyen Kim",
            "sampleData": true
          }
        }
      },
      "dialogs": 0
    },
    {
      "name": "ancillary board only shows in-house rooms",
      "ok": true,
      "ms": 2148,
      "details": {
        "cardCount": 28,
        "inhouseCardCount": 28,
        "blockedCardCount": 0,
        "kpiInhouse": 28,
        "boardText": "Forest Tower\n(21개 객실)\n12층\n1201\nDeluxe\n투숙 중\nWong Li\n7.10 ~ 7.14\n 통합 POS\n₱320\n 합산\n₱320\n \n1202\nDeluxe\n투숙 중\nSarah Connor\n7.10 ~ 7.12\n 부가서비스 등록 가능\n \n1203\nDeluxe\n투숙 중\nWong Li\n7.08 ~ 7.10\n 통합 POS\n₱145\n 합산\n₱145\n \n1205\nDeluxe\n투숙 중\nMaria Santos\n7.06 ~ 7.10\n 부가서비스 등록 가능\n \n1206\nDeluxe\n투숙 중\nRobert Ford\n7.09 ~ 7.10\n 통합 POS\n₱114\n 렌터카\n₱420\n 합산\n₱534\n \n1207\nDeluxe\n투숙 중\nMiller Grace\n7.10 ~ 7.12\n 부가서비스 등록 가능\n \n1208\nDeluxe\n투숙 중\nChen Wei\n7.10 ~ 7.11\n 부가서비스 등록 가능\n \n1209\nDeluxe\n투숙 중\nTanaka Yuki\n7.08 ~ 7.10\n 렌터카\n₱320\n 합산\n₱320\n \n1211\nDeluxe\n투숙 중\nMaria Santos\n7.08 ~ 7.10\n 부가서비스 등록 가능\n \n1212\nDeluxe\n투숙 중\nOlivia Smith\n7.10 ~ 7.11\n 부가서비스 등록 가능\n \n1213\nDeluxe\n투숙 중\nOliver Smith\n7.06 ~ 7.10\n 부가서비스 등록 가능\n \n1216\nDeluxe\n투숙 중\nLee Hyun\n7.10 ~ 7.12\nLotte Foods Executive Visit\n 부가서비스 등록 가능\n \n1218\nDeluxe\n투숙 중\nPham David\n7.10 ~ 7.12\nLotte Foods Executive Visit\n 통합 POS\n₱54\n 골프장\n₱900\n 합산\n₱954\n \n1220\nDeluxe\n투숙 중\nRobert Ford\n7.10 ~ 7.13\n 부가서비스 등록 가능\n \n1221\nDeluxe\n투숙 중\nGrace Miller\n7.10 ~ 7.11\n 부가서비스 등록 가능\n \n1224\nDeluxe\n투숙 중\nNguyen Thi Lan\n7.10 ~ 7.12\nNguyen Family Meeting\n 부가서비스 등록 가능\n \n1226\nDeluxe\n투숙 중\nLee Hannah\n7.10 ~ 7.12\nNguyen Family Meeting\n 통합 POS\n₱86\n 합산\n₱86\n \n1228\nDeluxe\n투숙 중\nGarcia Miguel\n7.09 ~ 7.10\n 골프장\n₱210\n 렌터카\n₱260\n 합산\n₱470\n \n8층\n0801\nStandard\n투숙 중\nLee Hannah\n7.09 ~ 7.11\nSamsung Tech Conference 2026\n 통합 POS\n₱114\n 골프장\n₱900\n 렌터카\n₱960\n 합산\n₱1,974\n \n0802\nStandard\n투숙 중\nDavid Chen\n7.09 ~ 7.12\nSamsung Tech Conference 2026\n 골프장\n₱1,580\n 렌터카\n₱1,380\n 합산\n₱2,960\n \n0803\nStandard\n투숙 중\nTran Linh\n7.09 ~ 7.12\nSamsung Tech Conference 2026\n 골프장\n₱1,060\n 렌터카\n₱1,040\n 합산\n₱2,100\n \nLakeside Villa\n(2개 객실)\n1층\nV-01\nPool Villa\n투숙 중\nWong Li\n7.07 ~ 7.11\n 통합 POS\n₱1,225\n 골프장\n₱450\n 렌터카\n₱180\n 음식점\n₱420\n 합산\n₱2,275\n \nV-02\nPool Villa\n투숙 중\nTanaka Yuki\n7.09 ~ 7.10\n 통합 POS\n₱380\n 합산\n₱380\n \nOcean Tower\n(5개 객실)\n20층\nPH01\nPenthouse\n투숙 중\nRodriguez Van\n7.09 ~ 7.11\n 통합 POS\n₱26,565\n 골프장\n₱520\n 렌터카\n₱300\n 합산\n₱27,385\n \nPH02\nPenthouse\n투숙 중\nAlexander Kim\n7.10 ~ 7.12\n 통합 POS\n₱118\n 골프장\n₱900\n 합산\n₱1,018\n \n14층\n1401\nPremier\n투숙 중\nAlexander Kim\n7.08 ~ 7.11\nSamsung Tech Conference 2026\n 골프장\n₱1,350\n 렌터카\n₱1,050\n 합산\n₱2,400\n \n1402\nPremier\n투숙 중\nYamamoto K.\n7.09 ~ 7.10\n 골프장\n₱520\n 합산\n₱520\n \n1403\nPremier\n투숙 중\nDavid Chen\n7.08 ~ 7.11\n 골프장\n₱520\n 합산\n₱520\n "
      },
      "dialogs": 0
    },
    {
      "name": "ancillary vendor voucher management",
      "ok": true,
      "ms": 2372,
      "details": {
        "initial": {
          "tabs": [
            "통합 POS",
            "골프장",
            "렌터카",
            "음식점",
            "기타"
          ],
          "selectedMeta": "호텔 통합 POS · 항목 4개",
          "hasInlinePreview": false,
          "hasVoucherSection": false,
          "previewModalOpen": false,
          "itemCount": 4
        },
        "golf": {
          "sectionTitles": [
            "공통 정보",
            "골프장 이용권"
          ],
          "preview": "HOTEL PMS\n골프장 바우처\n썬밸리 CC · Kim Manager / +63 917 230 4471\n투숙객명\nLee Hannah\n객실번호\n0801\n이용일시\n2026-07-02 14:30\n이용 항목\n18홀 그린피\n인원\n4명\n티오프\n예약 시 입력\n코스/업체명\n썬밸리 CC\n절취용 이용 확인\n티오프 예약 시 입력\n코스 썬밸리 CC\n투숙객 Lee Hannah\n서명 ____________",
          "hasStub": true,
          "hasLogoButton": true
        },
        "rentacar": {
          "sectionTitles": [
            "공통 정보",
            "렌터카 인수 정보"
          ],
          "preview": "HOTEL PMS\n렌터카 바우처\n롯데렌터카 · Park Manager / +63 928 410 9930\n투숙객명\nLee Hannah\n객실번호\n0801\n이용일시\n2026-07-02 14:30\n이용 항목\n세단 기본 대여\n금액\n₱160\n업체 연락처\nPark Manager / +63 928 410 9930\n업체 주소\nNAIA Terminal 3 Arrival Hall, Pasay\n픽업 위치\n호텔 로비\n차량/차종\n세단\n차량 인수 확인\n픽업 호텔 로비\n차량 세단\n투숙객 Lee Hannah\n서명 ____________",
          "hasStub": true
        }
      },
      "dialogs": 0
    },
    {
      "name": "dashboard partner vendor detail links",
      "ok": true,
      "ms": 4566,
      "details": {
        "modal": {
          "title": "투숙객 전용 레스토랑 디너 혜택\n디너 세트, 웰컴 디저트, 패밀리 메뉴 제휴 할인\n적용 기간 2026-07-01 ~ 2026-08-31 · 12 Nguyen Hue St, District 1, Ho Chi Minh City",
          "text": "투숙객 전용 레스토랑 디너 혜택\n디너 세트, 웰컴 디저트, 패밀리 메뉴 제휴 할인\n적용 기간 2026-07-01 ~ 2026-08-31 · 12 Nguyen Hue St, District 1, Ho Chi Minh City\n계약 문의 연락처\nMinh Nguyen\n+84 90 118 2233\npartners@riversidebistro.vn\n닫기",
          "links": []
        },
        "adminState": {
          "activeTab": "restaurant",
          "selectedName": "리버사이드 비스트로",
          "selectedAction": "selectVendor('REST-RIVERSIDE')",
          "hasInlinePreview": false,
          "hasVoucherSection": true,
          "previewModalOpen": true
        },
        "ancillaryState": {
          "activeFilter": "restaurant",
          "cardCount": 1,
          "inhouseCardCount": 1
        }
      },
      "dialogs": 0
    },
    {
      "name": "checked-in reservation readonly modal",
      "ok": true,
      "ms": 3272,
      "details": {
        "reservationId": "RSV-DEMO-TODAY-1206-OUT",
        "status": "checkout",
        "newModalRestored": true
      },
      "dialogs": 0
    },
    {
      "name": "housekeeping -> maintenance",
      "ok": true,
      "ms": 3322,
      "details": {
        "requestId": "MT-723489",
        "room": "E2E-9257"
      },
      "dialogs": 0
    },
    {
      "name": "admin tenant application -> list",
      "ok": true,
      "ms": 33249,
      "details": {
        "hotelName": "E2E Hotel 1784518679257"
      },
      "dialogs": 1
    }
  ]
}
