{
  "ok": true,
  "auditDate": "2026-07-20",
  "mockAnchorDate": "2026-06-10",
  "dateShiftDays": 40,
  "jsonFileCount": 105,
  "relationSummary": {
    "rooms": 37,
    "roomTypes": 6,
    "reservations": 125,
    "timeline": 125,
    "groups": 9,
    "companies": 4,
    "allocations": 4,
    "rooming": 6,
    "housekeepingRooms": 37,
    "folios": 152,
    "statusCounts": {
      "vacant-clean": 22,
      "vacant-dirty": 4,
      "in-house": 8,
      "out-of-service": 3
    }
  },
  "errors": [],
  "warnings": [],
  "staticRiskFiles": [
    "dashboard/common/js/api/api-core.js",
    "dashboard/common/js/api/api-frontdesk.js",
    "dashboard/common/js/api/api-operations.js",
    "dashboard/common/js/api/api-settings.js",
    "dashboard/common/js/i18n.js",
    "dashboard/common/js/reservation-actions.js",
    "dashboard/common/js/sidebar.js",
    "dashboard/common/js/topbar.js",
    "dashboard/crm/guests.html",
    "dashboard/crm/tier-history.html",
    "dashboard/frontdesk/checkin.html",
    "dashboard/frontdesk/groups_block_detail.html",
    "dashboard/frontdesk/groups_blocks.html",
    "dashboard/frontdesk/groups_companies.html",
    "dashboard/frontdesk/reservation-board.html",
    "dashboard/frontdesk/reservation-list.html",
    "dashboard/frontdesk/reservation-timeline.html",
    "dashboard/login.html",
    "dashboard/operations/closing-log.html",
    "dashboard/operations/expense-purchases.html",
    "dashboard/operations/folio-chart.html",
    "dashboard/operations/folio.html",
    "dashboard/operations/golf.html",
    "dashboard/operations/housekeeping.html",
    "dashboard/operations/maintenance.html",
    "dashboard/operations/night-audit.html",
    "dashboard/operations/rates.html",
    "dashboard/operations/rentacar.html",
    "dashboard/operations/reports.html",
    "dashboard/operations/room-service.html",
    "dashboard/operations/room-setup.html",
    "dashboard/operations/rooms.html",
    "dashboard/operations/settlement-status.html",
    "dashboard/operations/unified-pos.html",
    "dashboard/settings/billing.html",
    "dashboard/settings/roles.html",
    "dashboard/settings/settings.html",
    "dashboard/settings/staff.html"
  ]
}
