{
  "pages": 60,
  "buttonsClicked": 169,
  "popupOpeners": 17,
  "dialogs": 6,
  "failures": [],
  "brokenLinks": [],
  "noEffectCandidates": [
    {
      "page": "/admin/ads/targeting.html",
      "label": "저장"
    },
    {
      "page": "/admin/system/profile.html",
      "label": "저장"
    },
    {
      "page": "/admin/tenants/register.html",
      "label": "등록하기"
    }
  ],
  "pageSummaries": [
    {
      "page": "/admin/admin.html",
      "buttons": 0,
      "popups": 0,
      "failures": 0,
      "noEffectCandidates": 0
    },
    {
      "page": "/admin/ads/billing.html",
      "buttons": 3,
      "popups": 1,
      "failures": 0,
      "noEffectCandidates": 0
    },
    {
      "page": "/admin/ads/campaigns.html",
      "buttons": 13,
      "popups": 0,
      "failures": 0,
      "noEffectCandidates": 0
    },
    {
      "page": "/admin/ads/detail.html",
      "buttons": 0,
      "popups": 0,
      "failures": 0,
      "noEffectCandidates": 0
    },
    {
      "page": "/admin/ads/new.html",
      "buttons": 0,
      "popups": 0,
      "failures": 0,
      "noEffectCandidates": 0
    },
    {
      "page": "/admin/ads/targeting.html",
      "buttons": 3,
      "popups": 1,
      "failures": 0,
      "noEffectCandidates": 1
    },
    {
      "page": "/admin/index.html",
      "buttons": 0,
      "popups": 0,
      "failures": 0,
      "noEffectCandidates": 0
    },
    {
      "page": "/admin/login.html",
      "buttons": 2,
      "popups": 0,
      "failures": 0,
      "noEffectCandidates": 0
    },
    {
      "page": "/admin/system/audit-logs.html",
      "buttons": 6,
      "popups": 0,
      "failures": 0,
      "noEffectCandidates": 0
    },
    {
      "page": "/admin/system/billing.html",
      "buttons": 10,
      "popups": 5,
      "failures": 0,
      "noEffectCandidates": 0
    },
    {
      "page": "/admin/system/helpdesk.html",
      "buttons": 1,
      "popups": 0,
      "failures": 0,
      "noEffectCandidates": 0
    },
    {
      "page": "/admin/system/integrations.html",
      "buttons": 15,
      "popups": 4,
      "failures": 0,
      "noEffectCandidates": 0
    },
    {
      "page": "/admin/system/notices.html",
      "buttons": 8,
      "popups": 1,
      "failures": 0,
      "noEffectCandidates": 0
    },
    {
      "page": "/admin/system/profile.html",
      "buttons": 3,
      "popups": 1,
      "failures": 0,
      "noEffectCandidates": 1
    },
    {
      "page": "/admin/system/users.html",
      "buttons": 8,
      "popups": 3,
      "failures": 0,
      "noEffectCandidates": 0
    },
    {
      "page": "/admin/tenants/apply.html",
      "buttons": 0,
      "popups": 0,
      "failures": 0,
      "noEffectCandidates": 0
    },
    {
      "page": "/admin/tenants/detail.html",
      "buttons": 2,
      "popups": 1,
      "failures": 0,
      "noEffectCandidates": 0
    },
    {
      "page": "/admin/tenants/list.html",
      "buttons": 12,
      "popups": 0,
      "failures": 0,
      "noEffectCandidates": 0
    },
    {
      "page": "/admin/tenants/register.html",
      "buttons": 1,
      "popups": 0,
      "failures": 0,
      "noEffectCandidates": 1
    },
    {
      "page": "/dashboard/crm/guests.html",
      "buttons": 2,
      "popups": 0,
      "failures": 0,
      "noEffectCandidates": 0
    },
    {
      "page": "/dashboard/crm/membership.html",
      "buttons": 2,
      "popups": 0,
      "failures": 0,
      "noEffectCandidates": 0
    },
    {
      "page": "/dashboard/crm/tier-history.html",
      "buttons": 2,
      "popups": 0,
      "failures": 0,
      "noEffectCandidates": 0
    },
    {
      "page": "/dashboard/dashboard.html",
      "buttons": 2,
      "popups": 0,
      "failures": 0,
      "noEffectCandidates": 0
    },
    {
      "page": "/dashboard/frontdesk/checkin.html",
      "buttons": 2,
      "popups": 0,
      "failures": 0,
      "noEffectCandidates": 0
    },
    {
      "page": "/dashboard/frontdesk/groups_block_detail.html",
      "buttons": 2,
      "popups": 0,
      "failures": 0,
      "noEffectCandidates": 0
    },
    {
      "page": "/dashboard/frontdesk/groups_blocks.html",
      "buttons": 2,
      "popups": 0,
      "failures": 0,
      "noEffectCandidates": 0
    },
    {
      "page": "/dashboard/frontdesk/groups_companies.html",
      "buttons": 2,
      "popups": 0,
      "failures": 0,
      "noEffectCandidates": 0
    },
    {
      "page": "/dashboard/frontdesk/reservation-board.html",
      "buttons": 2,
      "popups": 0,
      "failures": 0,
      "noEffectCandidates": 0
    },
    {
      "page": "/dashboard/frontdesk/reservation-list.html",
      "buttons": 2,
      "popups": 0,
      "failures": 0,
      "noEffectCandidates": 0
    },
    {
      "page": "/dashboard/frontdesk/reservation-timeline.html",
      "buttons": 2,
      "popups": 0,
      "failures": 0,
      "noEffectCandidates": 0
    },
    {
      "page": "/dashboard/index.html",
      "buttons": 2,
      "popups": 0,
      "failures": 0,
      "noEffectCandidates": 0
    },
    {
      "page": "/dashboard/login.html",
      "buttons": 2,
      "popups": 0,
      "failures": 0,
      "noEffectCandidates": 0
    },
    {
      "page": "/dashboard/notifications.html",
      "buttons": 2,
      "popups": 0,
      "failures": 0,
      "noEffectCandidates": 0
    },
    {
      "page": "/dashboard/operations/ancillary-vendors.html",
      "buttons": 2,
      "popups": 0,
      "failures": 0,
      "noEffectCandidates": 0
    },
    {
      "page": "/dashboard/operations/ancillary.html",
      "buttons": 2,
      "popups": 0,
      "failures": 0,
      "noEffectCandidates": 0
    },
    {
      "page": "/dashboard/operations/closing-log.html",
      "buttons": 2,
      "popups": 0,
      "failures": 0,
      "noEffectCandidates": 0
    },
    {
      "page": "/dashboard/operations/events.html",
      "buttons": 2,
      "popups": 0,
      "failures": 0,
      "noEffectCandidates": 0
    },
    {
      "page": "/dashboard/operations/expense-purchases.html",
      "buttons": 2,
      "popups": 0,
      "failures": 0,
      "noEffectCandidates": 0
    },
    {
      "page": "/dashboard/operations/folio-chart.html",
      "buttons": 2,
      "popups": 0,
      "failures": 0,
      "noEffectCandidates": 0
    },
    {
      "page": "/dashboard/operations/folio.html",
      "buttons": 2,
      "popups": 0,
      "failures": 0,
      "noEffectCandidates": 0
    },
    {
      "page": "/dashboard/operations/golf.html",
      "buttons": 2,
      "popups": 0,
      "failures": 0,
      "noEffectCandidates": 0
    },
    {
      "page": "/dashboard/operations/housekeeping.html",
      "buttons": 2,
      "popups": 0,
      "failures": 0,
      "noEffectCandidates": 0
    },
    {
      "page": "/dashboard/operations/maintenance.html",
      "buttons": 2,
      "popups": 0,
      "failures": 0,
      "noEffectCandidates": 0
    },
    {
      "page": "/dashboard/operations/night-audit.html",
      "buttons": 2,
      "popups": 0,
      "failures": 0,
      "noEffectCandidates": 0
    },
    {
      "page": "/dashboard/operations/pos.html",
      "buttons": 2,
      "popups": 0,
      "failures": 0,
      "noEffectCandidates": 0
    },
    {
      "page": "/dashboard/operations/rates.html",
      "buttons": 2,
      "popups": 0,
      "failures": 0,
      "noEffectCandidates": 0
    },
    {
      "page": "/dashboard/operations/rentacar.html",
      "buttons": 2,
      "popups": 0,
      "failures": 0,
      "noEffectCandidates": 0
    },
    {
      "page": "/dashboard/operations/reports.html",
      "buttons": 2,
      "popups": 0,
      "failures": 0,
      "noEffectCandidates": 0
    },
    {
      "page": "/dashboard/operations/room-service.html",
      "buttons": 2,
      "popups": 0,
      "failures": 0,
      "noEffectCandidates": 0
    },
    {
      "page": "/dashboard/operations/room-setup.html",
      "buttons": 2,
      "popups": 0,
      "failures": 0,
      "noEffectCandidates": 0
    },
    {
      "page": "/dashboard/operations/rooms.html",
      "buttons": 2,
      "popups": 0,
      "failures": 0,
      "noEffectCandidates": 0
    },
    {
      "page": "/dashboard/operations/settlement-status.html",
      "buttons": 2,
      "popups": 0,
      "failures": 0,
      "noEffectCandidates": 0
    },
    {
      "page": "/dashboard/operations/unified-pos.html",
      "buttons": 2,
      "popups": 0,
      "failures": 0,
      "noEffectCandidates": 0
    },
    {
      "page": "/dashboard/settings/audit-logs.html",
      "buttons": 2,
      "popups": 0,
      "failures": 0,
      "noEffectCandidates": 0
    },
    {
      "page": "/dashboard/settings/billing.html",
      "buttons": 2,
      "popups": 0,
      "failures": 0,
      "noEffectCandidates": 0
    },
    {
      "page": "/dashboard/settings/notices.html",
      "buttons": 2,
      "popups": 0,
      "failures": 0,
      "noEffectCandidates": 0
    },
    {
      "page": "/dashboard/settings/roles.html",
      "buttons": 2,
      "popups": 0,
      "failures": 0,
      "noEffectCandidates": 0
    },
    {
      "page": "/dashboard/settings/settings.html",
      "buttons": 2,
      "popups": 0,
      "failures": 0,
      "noEffectCandidates": 0
    },
    {
      "page": "/dashboard/settings/staff.html",
      "buttons": 2,
      "popups": 0,
      "failures": 0,
      "noEffectCandidates": 0
    },
    {
      "page": "/dashboard/settings/support.html",
      "buttons": 2,
      "popups": 0,
      "failures": 0,
      "noEffectCandidates": 0
    }
  ]
}
