{
  "ok": true,
  "vendorManagement": {
    "initialState": {
      "commonExports": {
        "load": "function",
        "save": "function",
        "initialVoucherFields": "function",
        "hasInitialVoucherFields": "function"
      },
      "commonGolfFields": [
        [
          "guest",
          "room",
          "date",
          "item",
          "people",
          "teeTime",
          "course"
        ],
        [
          "guest",
          "room",
          "date",
          "item",
          "people",
          "teeTime",
          "course"
        ]
      ],
      "commonGolfItems": [
        {
          "name": "18홀 그린피",
          "price": 450,
          "desc": "주중 18홀",
          "holes": "18홀",
          "basePeople": 4,
          "category": "golf"
        },
        {
          "name": "카트 이용권",
          "price": 70,
          "desc": "팀 단위 카트",
          "holes": "18홀",
          "basePeople": 4,
          "category": "golf"
        },
        {
          "name": "클럽 대여",
          "price": 60,
          "desc": "1인 기준",
          "holes": "18홀",
          "basePeople": 1,
          "category": "golf"
        },
        {
          "name": "9홀 라운드",
          "price": 180,
          "desc": "오전 9홀",
          "holes": "9홀",
          "basePeople": 2,
          "category": "golf"
        },
        {
          "name": "18홀 패키지",
          "price": 520,
          "desc": "그린피+카트",
          "holes": "18홀",
          "basePeople": 4,
          "category": "golf"
        }
      ],
      "commonRentacarItems": [
        {
          "name": "세단 기본 대여",
          "price": 160,
          "desc": "1시간 기준 단가",
          "vehicleClass": "세단",
          "pickupBase": "호텔 로비",
          "category": "rentacar"
        },
        {
          "name": "공항 픽업 기본료",
          "price": 90,
          "desc": "편도 기본료",
          "vehicleClass": "세단",
          "pickupBase": "NAIA Terminal 3",
          "category": "rentacar"
        },
        {
          "name": "전기차 기본 대여",
          "price": 230,
          "desc": "1시간 기준 단가",
          "vehicleClass": "전기차",
          "pickupBase": "호텔 로비",
          "category": "rentacar"
        },
        {
          "name": "SUV 기본 대여",
          "price": 260,
          "desc": "1시간 기준 단가",
          "vehicleClass": "SUV",
          "pickupBase": "BGC Transport Hub",
          "category": "rentacar"
        },
        {
          "name": "기사 포함 밴 기본 대여",
          "price": 320,
          "desc": "1시간 기준 단가",
          "vehicleClass": "기사 포함 밴",
          "pickupBase": "호텔 로비",
          "category": "rentacar"
        }
      ],
      "stored": [
        {
          "id": "GOLF-SUNVALLEY",
          "fields": [
            "guest",
            "room",
            "date",
            "item",
            "people",
            "teeTime",
            "course"
          ]
        },
        {
          "id": "GOLF-SKY72",
          "fields": [
            "guest",
            "room",
            "date",
            "item",
            "people",
            "teeTime",
            "course"
          ]
        }
      ],
      "checked": [
        "guest",
        "room",
        "date",
        "item",
        "people",
        "teeTime",
        "course"
      ],
      "unchecked": [
        "amount",
        "partnerContact",
        "address",
        "memo"
      ],
      "disabledCount": 0
    },
    "editedState": {
      "stored": [
        {
          "id": "GOLF-SUNVALLEY",
          "fields": [
            "guest",
            "room",
            "date",
            "item",
            "amount",
            "teeTime",
            "course"
          ]
        },
        {
          "id": "GOLF-SKY72",
          "fields": [
            "guest",
            "room",
            "date",
            "item",
            "people",
            "teeTime",
            "course"
          ]
        }
      ],
      "checked": [
        "guest",
        "room",
        "date",
        "item",
        "amount",
        "teeTime",
        "course"
      ]
    }
  },
  "ancillary": {
    "orderId": "GLF-DEMO-GROUP-0801-01",
    "stored": [
      {
        "id": "GOLF-SUNVALLEY",
        "fields": [
          "guest",
          "room",
          "date",
          "item",
          "amount",
          "partnerContact"
        ]
      },
      {
        "id": "GOLF-SKY72",
        "fields": [
          "guest",
          "room",
          "date",
          "item",
          "amount",
          "partnerContact"
        ]
      }
    ],
    "sheets": 4,
    "rows": 24,
    "expectedRows": 24
  }
}
