{
  "lang": "ko",
  "pages": 60,
  "fieldsTested": 253,
  "failures": [],
  "pageSummaries": [
    {
      "page": "/admin/admin.html",
      "fields": 2,
      "failures": 0
    },
    {
      "page": "/admin/ads/billing.html",
      "fields": 3,
      "failures": 0
    },
    {
      "page": "/admin/ads/campaigns.html",
      "fields": 4,
      "failures": 0
    },
    {
      "page": "/admin/ads/detail.html",
      "fields": 1,
      "failures": 0
    },
    {
      "page": "/admin/ads/new.html",
      "fields": 15,
      "failures": 0
    },
    {
      "page": "/admin/ads/targeting.html",
      "fields": 3,
      "failures": 0
    },
    {
      "page": "/admin/index.html",
      "fields": 2,
      "failures": 0
    },
    {
      "page": "/admin/login.html",
      "fields": 3,
      "failures": 0
    },
    {
      "page": "/admin/system/audit-logs.html",
      "fields": 2,
      "failures": 0
    },
    {
      "page": "/admin/system/billing.html",
      "fields": 6,
      "failures": 0
    },
    {
      "page": "/admin/system/helpdesk.html",
      "fields": 3,
      "failures": 0
    },
    {
      "page": "/admin/system/integrations.html",
      "fields": 1,
      "failures": 0
    },
    {
      "page": "/admin/system/notices.html",
      "fields": 1,
      "failures": 0
    },
    {
      "page": "/admin/system/profile.html",
      "fields": 4,
      "failures": 0
    },
    {
      "page": "/admin/system/users.html",
      "fields": 3,
      "failures": 0
    },
    {
      "page": "/admin/tenants/apply.html",
      "fields": 13,
      "failures": 0
    },
    {
      "page": "/admin/tenants/detail.html",
      "fields": 5,
      "failures": 0
    },
    {
      "page": "/admin/tenants/list.html",
      "fields": 5,
      "failures": 0
    },
    {
      "page": "/admin/tenants/register.html",
      "fields": 13,
      "failures": 0
    },
    {
      "page": "/dashboard/crm/guests.html",
      "fields": 4,
      "failures": 0
    },
    {
      "page": "/dashboard/crm/membership.html",
      "fields": 4,
      "failures": 0
    },
    {
      "page": "/dashboard/crm/tier-history.html",
      "fields": 4,
      "failures": 0
    },
    {
      "page": "/dashboard/dashboard.html",
      "fields": 4,
      "failures": 0
    },
    {
      "page": "/dashboard/frontdesk/checkin.html",
      "fields": 4,
      "failures": 0
    },
    {
      "page": "/dashboard/frontdesk/groups_block_detail.html",
      "fields": 4,
      "failures": 0
    },
    {
      "page": "/dashboard/frontdesk/groups_blocks.html",
      "fields": 4,
      "failures": 0
    },
    {
      "page": "/dashboard/frontdesk/groups_companies.html",
      "fields": 4,
      "failures": 0
    },
    {
      "page": "/dashboard/frontdesk/reservation-board.html",
      "fields": 4,
      "failures": 0
    },
    {
      "page": "/dashboard/frontdesk/reservation-list.html",
      "fields": 4,
      "failures": 0
    },
    {
      "page": "/dashboard/frontdesk/reservation-timeline.html",
      "fields": 4,
      "failures": 0
    },
    {
      "page": "/dashboard/index.html",
      "fields": 4,
      "failures": 0
    },
    {
      "page": "/dashboard/login.html",
      "fields": 4,
      "failures": 0
    },
    {
      "page": "/dashboard/notifications.html",
      "fields": 4,
      "failures": 0
    },
    {
      "page": "/dashboard/operations/ancillary-vendors.html",
      "fields": 4,
      "failures": 0
    },
    {
      "page": "/dashboard/operations/ancillary.html",
      "fields": 4,
      "failures": 0
    },
    {
      "page": "/dashboard/operations/closing-log.html",
      "fields": 4,
      "failures": 0
    },
    {
      "page": "/dashboard/operations/events.html",
      "fields": 4,
      "failures": 0
    },
    {
      "page": "/dashboard/operations/expense-purchases.html",
      "fields": 4,
      "failures": 0
    },
    {
      "page": "/dashboard/operations/folio-chart.html",
      "fields": 4,
      "failures": 0
    },
    {
      "page": "/dashboard/operations/folio.html",
      "fields": 4,
      "failures": 0
    },
    {
      "page": "/dashboard/operations/golf.html",
      "fields": 4,
      "failures": 0
    },
    {
      "page": "/dashboard/operations/housekeeping.html",
      "fields": 4,
      "failures": 0
    },
    {
      "page": "/dashboard/operations/maintenance.html",
      "fields": 4,
      "failures": 0
    },
    {
      "page": "/dashboard/operations/night-audit.html",
      "fields": 4,
      "failures": 0
    },
    {
      "page": "/dashboard/operations/pos.html",
      "fields": 4,
      "failures": 0
    },
    {
      "page": "/dashboard/operations/rates.html",
      "fields": 4,
      "failures": 0
    },
    {
      "page": "/dashboard/operations/rentacar.html",
      "fields": 4,
      "failures": 0
    },
    {
      "page": "/dashboard/operations/reports.html",
      "fields": 4,
      "failures": 0
    },
    {
      "page": "/dashboard/operations/room-service.html",
      "fields": 4,
      "failures": 0
    },
    {
      "page": "/dashboard/operations/room-setup.html",
      "fields": 4,
      "failures": 0
    },
    {
      "page": "/dashboard/operations/rooms.html",
      "fields": 4,
      "failures": 0
    },
    {
      "page": "/dashboard/operations/settlement-status.html",
      "fields": 4,
      "failures": 0
    },
    {
      "page": "/dashboard/operations/unified-pos.html",
      "fields": 4,
      "failures": 0
    },
    {
      "page": "/dashboard/settings/audit-logs.html",
      "fields": 4,
      "failures": 0
    },
    {
      "page": "/dashboard/settings/billing.html",
      "fields": 4,
      "failures": 0
    },
    {
      "page": "/dashboard/settings/notices.html",
      "fields": 4,
      "failures": 0
    },
    {
      "page": "/dashboard/settings/roles.html",
      "fields": 4,
      "failures": 0
    },
    {
      "page": "/dashboard/settings/settings.html",
      "fields": 4,
      "failures": 0
    },
    {
      "page": "/dashboard/settings/staff.html",
      "fields": 4,
      "failures": 0
    },
    {
      "page": "/dashboard/settings/support.html",
      "fields": 4,
      "failures": 0
    }
  ]
}
