{
  "pages": 60,
  "pagesWithPmsWrites": 57,
  "pagesWithIssues": 0,
  "results": [
    {
      "page": "/admin/admin.html",
      "createdKeys": [
        "pms_admin_lang",
        "pms_currency",
        "pms_default_currency",
        "pms_default_currency_php_migrated_v1"
      ],
      "issues": []
    },
    {
      "page": "/admin/ads/billing.html",
      "createdKeys": [
        "pms_admin_lang",
        "pms_currency",
        "pms_default_currency",
        "pms_default_currency_php_migrated_v1"
      ],
      "issues": []
    },
    {
      "page": "/admin/ads/campaigns.html",
      "createdKeys": [
        "pms_admin_lang",
        "pms_currency",
        "pms_default_currency",
        "pms_default_currency_php_migrated_v1"
      ],
      "issues": []
    },
    {
      "page": "/admin/ads/detail.html",
      "createdKeys": [
        "pms_admin_lang",
        "pms_currency",
        "pms_default_currency",
        "pms_default_currency_php_migrated_v1"
      ],
      "issues": []
    },
    {
      "page": "/admin/ads/new.html",
      "createdKeys": [
        "pms_admin_lang",
        "pms_currency",
        "pms_default_currency",
        "pms_default_currency_php_migrated_v1"
      ],
      "issues": []
    },
    {
      "page": "/admin/ads/targeting.html",
      "createdKeys": [
        "pms_admin_lang",
        "pms_currency",
        "pms_default_currency",
        "pms_default_currency_php_migrated_v1"
      ],
      "issues": []
    },
    {
      "page": "/admin/index.html",
      "createdKeys": [
        "pms_admin_lang",
        "pms_currency",
        "pms_default_currency",
        "pms_default_currency_php_migrated_v1"
      ],
      "issues": []
    },
    {
      "page": "/admin/login.html",
      "createdKeys": [
        "pms_admin_lang",
        "pms_currency",
        "pms_default_currency",
        "pms_default_currency_php_migrated_v1"
      ],
      "issues": []
    },
    {
      "page": "/admin/system/audit-logs.html",
      "createdKeys": [
        "pms_admin_lang",
        "pms_currency",
        "pms_default_currency",
        "pms_default_currency_php_migrated_v1"
      ],
      "issues": []
    },
    {
      "page": "/admin/system/billing.html",
      "createdKeys": [
        "pms_admin_lang",
        "pms_currency",
        "pms_default_currency",
        "pms_default_currency_php_migrated_v1"
      ],
      "issues": []
    },
    {
      "page": "/admin/system/helpdesk.html",
      "createdKeys": [
        "pms_admin_lang",
        "pms_currency",
        "pms_default_currency",
        "pms_default_currency_php_migrated_v1"
      ],
      "issues": []
    },
    {
      "page": "/admin/system/integrations.html",
      "createdKeys": [
        "pms_admin_lang",
        "pms_currency",
        "pms_default_currency",
        "pms_default_currency_php_migrated_v1"
      ],
      "issues": []
    },
    {
      "page": "/admin/system/notices.html",
      "createdKeys": [
        "pms_admin_lang",
        "pms_currency",
        "pms_default_currency",
        "pms_default_currency_php_migrated_v1"
      ],
      "issues": []
    },
    {
      "page": "/admin/system/profile.html",
      "createdKeys": [
        "pms_admin_lang",
        "pms_currency",
        "pms_default_currency",
        "pms_default_currency_php_migrated_v1"
      ],
      "issues": []
    },
    {
      "page": "/admin/system/users.html",
      "createdKeys": [
        "pms_admin_lang",
        "pms_currency",
        "pms_default_currency",
        "pms_default_currency_php_migrated_v1"
      ],
      "issues": []
    },
    {
      "page": "/admin/tenants/apply.html",
      "createdKeys": [
        "pms_admin_lang",
        "pms_currency",
        "pms_default_currency",
        "pms_default_currency_php_migrated_v1"
      ],
      "issues": []
    },
    {
      "page": "/admin/tenants/detail.html",
      "createdKeys": [
        "pms_admin_lang",
        "pms_currency",
        "pms_default_currency",
        "pms_default_currency_php_migrated_v1"
      ],
      "issues": []
    },
    {
      "page": "/admin/tenants/list.html",
      "createdKeys": [
        "pms_admin_lang",
        "pms_currency",
        "pms_default_currency",
        "pms_default_currency_php_migrated_v1"
      ],
      "issues": []
    },
    {
      "page": "/admin/tenants/register.html",
      "createdKeys": [
        "pms_admin_lang",
        "pms_currency",
        "pms_default_currency",
        "pms_default_currency_php_migrated_v1"
      ],
      "issues": []
    },
    {
      "page": "/dashboard/crm/guests.html",
      "createdKeys": [
        "pms_currency",
        "pms_default_currency",
        "pms_default_currency_php_migrated_v1"
      ],
      "issues": []
    },
    {
      "page": "/dashboard/crm/membership.html",
      "createdKeys": [
        "pms_currency",
        "pms_default_currency",
        "pms_default_currency_php_migrated_v1"
      ],
      "issues": []
    },
    {
      "page": "/dashboard/crm/tier-history.html",
      "createdKeys": [
        "pms_currency",
        "pms_default_currency",
        "pms_default_currency_php_migrated_v1"
      ],
      "issues": []
    },
    {
      "page": "/dashboard/dashboard.html",
      "createdKeys": [
        "pms_currency",
        "pms_default_currency",
        "pms_default_currency_php_migrated_v1"
      ],
      "issues": []
    },
    {
      "page": "/dashboard/frontdesk/checkin.html",
      "createdKeys": [
        "pms_currency",
        "pms_default_currency",
        "pms_default_currency_php_migrated_v1"
      ],
      "issues": []
    },
    {
      "page": "/dashboard/frontdesk/groups_block_detail.html",
      "createdKeys": [
        "pms_currency",
        "pms_default_currency",
        "pms_default_currency_php_migrated_v1"
      ],
      "issues": []
    },
    {
      "page": "/dashboard/frontdesk/groups_blocks.html",
      "createdKeys": [
        "pms_currency",
        "pms_default_currency",
        "pms_default_currency_php_migrated_v1"
      ],
      "issues": []
    },
    {
      "page": "/dashboard/frontdesk/groups_companies.html",
      "createdKeys": [
        "pms_currency",
        "pms_default_currency",
        "pms_default_currency_php_migrated_v1"
      ],
      "issues": []
    },
    {
      "page": "/dashboard/frontdesk/reservation-board.html",
      "createdKeys": [
        "pms_currency",
        "pms_default_currency",
        "pms_default_currency_php_migrated_v1"
      ],
      "issues": []
    },
    {
      "page": "/dashboard/frontdesk/reservation-list.html",
      "createdKeys": [
        "pms_currency",
        "pms_default_currency",
        "pms_default_currency_php_migrated_v1"
      ],
      "issues": []
    },
    {
      "page": "/dashboard/frontdesk/reservation-timeline.html",
      "createdKeys": [
        "pms_currency",
        "pms_default_currency",
        "pms_default_currency_php_migrated_v1"
      ],
      "issues": []
    },
    {
      "page": "/dashboard/operations/ancillary-vendors.html",
      "createdKeys": [
        "pms_currency",
        "pms_default_currency",
        "pms_default_currency_php_migrated_v1"
      ],
      "issues": []
    },
    {
      "page": "/dashboard/operations/ancillary.html",
      "createdKeys": [
        "pms_currency",
        "pms_default_currency",
        "pms_default_currency_php_migrated_v1"
      ],
      "issues": []
    },
    {
      "page": "/dashboard/operations/closing-log.html",
      "createdKeys": [
        "pms_currency",
        "pms_default_currency",
        "pms_default_currency_php_migrated_v1"
      ],
      "issues": []
    },
    {
      "page": "/dashboard/operations/events.html",
      "createdKeys": [
        "pms_currency",
        "pms_default_currency",
        "pms_default_currency_php_migrated_v1"
      ],
      "issues": []
    },
    {
      "page": "/dashboard/operations/expense-purchases.html",
      "createdKeys": [
        "pms_currency",
        "pms_default_currency",
        "pms_default_currency_php_migrated_v1"
      ],
      "issues": []
    },
    {
      "page": "/dashboard/operations/folio-chart.html",
      "createdKeys": [
        "pms_currency",
        "pms_default_currency",
        "pms_default_currency_php_migrated_v1"
      ],
      "issues": []
    },
    {
      "page": "/dashboard/operations/folio.html",
      "createdKeys": [
        "pms_currency",
        "pms_default_currency",
        "pms_default_currency_php_migrated_v1"
      ],
      "issues": []
    },
    {
      "page": "/dashboard/operations/golf.html",
      "createdKeys": [
        "pms_currency",
        "pms_default_currency",
        "pms_default_currency_php_migrated_v1"
      ],
      "issues": []
    },
    {
      "page": "/dashboard/operations/housekeeping.html",
      "createdKeys": [
        "pms_currency",
        "pms_default_currency",
        "pms_default_currency_php_migrated_v1"
      ],
      "issues": []
    },
    {
      "page": "/dashboard/operations/maintenance.html",
      "createdKeys": [
        "pms_currency",
        "pms_default_currency",
        "pms_default_currency_php_migrated_v1"
      ],
      "issues": []
    },
    {
      "page": "/dashboard/operations/night-audit.html",
      "createdKeys": [
        "pms_currency",
        "pms_default_currency",
        "pms_default_currency_php_migrated_v1"
      ],
      "issues": []
    },
    {
      "page": "/dashboard/operations/pos.html",
      "createdKeys": [
        "pms_currency",
        "pms_default_currency",
        "pms_default_currency_php_migrated_v1"
      ],
      "issues": []
    },
    {
      "page": "/dashboard/operations/rates.html",
      "createdKeys": [
        "pms_currency",
        "pms_default_currency",
        "pms_default_currency_php_migrated_v1"
      ],
      "issues": []
    },
    {
      "page": "/dashboard/operations/rentacar.html",
      "createdKeys": [
        "pms_currency",
        "pms_default_currency",
        "pms_default_currency_php_migrated_v1"
      ],
      "issues": []
    },
    {
      "page": "/dashboard/operations/reports.html",
      "createdKeys": [
        "pms_currency",
        "pms_default_currency",
        "pms_default_currency_php_migrated_v1"
      ],
      "issues": []
    },
    {
      "page": "/dashboard/operations/room-service.html",
      "createdKeys": [
        "pms_currency",
        "pms_default_currency",
        "pms_default_currency_php_migrated_v1"
      ],
      "issues": []
    },
    {
      "page": "/dashboard/operations/room-setup.html",
      "createdKeys": [
        "pms_currency",
        "pms_default_currency",
        "pms_default_currency_php_migrated_v1"
      ],
      "issues": []
    },
    {
      "page": "/dashboard/operations/rooms.html",
      "createdKeys": [
        "pms_currency",
        "pms_default_currency",
        "pms_default_currency_php_migrated_v1"
      ],
      "issues": []
    },
    {
      "page": "/dashboard/operations/settlement-status.html",
      "createdKeys": [
        "pms_currency",
        "pms_default_currency",
        "pms_default_currency_php_migrated_v1"
      ],
      "issues": []
    },
    {
      "page": "/dashboard/operations/unified-pos.html",
      "createdKeys": [
        "pms_currency",
        "pms_default_currency",
        "pms_default_currency_php_migrated_v1"
      ],
      "issues": []
    },
    {
      "page": "/dashboard/settings/audit-logs.html",
      "createdKeys": [
        "pms_currency",
        "pms_default_currency",
        "pms_default_currency_php_migrated_v1"
      ],
      "issues": []
    },
    {
      "page": "/dashboard/settings/billing.html",
      "createdKeys": [
        "pms_currency",
        "pms_default_currency",
        "pms_default_currency_php_migrated_v1"
      ],
      "issues": []
    },
    {
      "page": "/dashboard/settings/notices.html",
      "createdKeys": [
        "pms_currency",
        "pms_default_currency",
        "pms_default_currency_php_migrated_v1"
      ],
      "issues": []
    },
    {
      "page": "/dashboard/settings/roles.html",
      "createdKeys": [
        "pms_currency",
        "pms_default_currency",
        "pms_default_currency_php_migrated_v1"
      ],
      "issues": []
    },
    {
      "page": "/dashboard/settings/settings.html",
      "createdKeys": [
        "pms_currency",
        "pms_default_currency",
        "pms_default_currency_php_migrated_v1"
      ],
      "issues": []
    },
    {
      "page": "/dashboard/settings/staff.html",
      "createdKeys": [
        "pms_currency",
        "pms_default_currency",
        "pms_default_currency_php_migrated_v1"
      ],
      "issues": []
    },
    {
      "page": "/dashboard/settings/support.html",
      "createdKeys": [
        "pms_currency",
        "pms_default_currency",
        "pms_default_currency_php_migrated_v1"
      ],
      "issues": []
    }
  ]
}
